This is pdfTeX, Version 3.141592653-2.6-1.40.27 (MiKTeX 25.4) (preloaded format=pdflatex 2025.9.18)  18 SEP 2025 08:17
entering extended mode
 restricted \write18 enabled.
 %&-line parsing enabled.
**./33283-t.tex
(33283-t.tex
LaTeX2e <2025-06-01> patch level 1
L3 programming layer <2025-08-13>
(C:\Users\Jerson\AppData\Local\Programs\MiKTeX\tex/latex/base\book.cls
Document Class: book 2025/01/22 v1.4n Standard LaTeX document class
(C:\Users\Jerson\AppData\Local\Programs\MiKTeX\tex/latex/base\bk12.clo
File: bk12.clo 2025/01/22 v1.4n Standard LaTeX file (size option)
)
\c@part=\count275
\c@chapter=\count276
\c@section=\count277
\c@subsection=\count278
\c@subsubsection=\count279
\c@paragraph=\count280
\c@subparagraph=\count281
\c@figure=\count282
\c@table=\count283
\abovecaptionskip=\skip49
\belowcaptionskip=\skip50
\bibindent=\dimen148
)
(C:\Users\Jerson\AppData\Local\Programs\MiKTeX\tex/latex/base\inputenc.sty
Package: inputenc 2024/02/08 v1.3d Input encoding file
\inpenc@prehook=\toks17
\inpenc@posthook=\toks18
)
(C:\Users\Jerson\AppData\Local\Programs\MiKTeX\tex/latex/base\ifthen.sty
Package: ifthen 2024/03/16 v1.1e Standard LaTeX ifthen package (DPC)
)
(C:\Users\Jerson\AppData\Local\Programs\MiKTeX\tex/latex/amsmath\amsmath.sty
Package: amsmath 2025/06/16 v2.17y AMS math features
\@mathmargin=\skip51

For additional information on amsmath, use the `?' option.
(C:\Users\Jerson\AppData\Local\Programs\MiKTeX\tex/latex/amsmath\amstext.sty
Package: amstext 2024/11/17 v2.01 AMS text

(C:\Users\Jerson\AppData\Local\Programs\MiKTeX\tex/latex/amsmath\amsgen.sty
File: amsgen.sty 1999/11/30 v2.0 generic functions
\@emptytoks=\toks19
\ex@=\dimen149
))
(C:\Users\Jerson\AppData\Local\Programs\MiKTeX\tex/latex/amsmath\amsbsy.sty
Package: amsbsy 1999/11/29 v1.2d Bold Symbols
\pmbraise@=\dimen150
)
(C:\Users\Jerson\AppData\Local\Programs\MiKTeX\tex/latex/amsmath\amsopn.sty
Package: amsopn 2022/04/08 v2.04 operator names
)
\inf@bad=\count284
LaTeX Info: Redefining \frac on input line 233.
\uproot@=\count285
\leftroot@=\count286
LaTeX Info: Redefining \overline on input line 398.
LaTeX Info: Redefining \colon on input line 409.
\classnum@=\count287
\DOTSCASE@=\count288
LaTeX Info: Redefining \ldots on input line 495.
LaTeX Info: Redefining \dots on input line 498.
LaTeX Info: Redefining \cdots on input line 619.
\Mathstrutbox@=\box53
\strutbox@=\box54
LaTeX Info: Redefining \big on input line 721.
LaTeX Info: Redefining \Big on input line 722.
LaTeX Info: Redefining \bigg on input line 723.
LaTeX Info: Redefining \Bigg on input line 724.
\big@size=\dimen151
LaTeX Font Info:    Redeclaring font encoding OML on input line 742.
LaTeX Font Info:    Redeclaring font encoding OMS on input line 743.
\macc@depth=\count289
LaTeX Info: Redefining \bmod on input line 904.
LaTeX Info: Redefining \pmod on input line 909.
LaTeX Info: Redefining \smash on input line 939.
LaTeX Info: Redefining \relbar on input line 969.
LaTeX Info: Redefining \Relbar on input line 970.
\c@MaxMatrixCols=\count290
\dotsspace@=\muskip17
\c@parentequation=\count291
\dspbrk@lvl=\count292
\tag@help=\toks20
\row@=\count293
\column@=\count294
\maxfields@=\count295
\andhelp@=\toks21
\eqnshift@=\dimen152
\alignsep@=\dimen153
\tagshift@=\dimen154
\tagwidth@=\dimen155
\totwidth@=\dimen156
\lineht@=\dimen157
\@envbody=\toks22
\multlinegap=\skip52
\multlinetaggap=\skip53
\mathdisplay@stack=\toks23
LaTeX Info: Redefining \[ on input line 2949.
LaTeX Info: Redefining \] on input line 2950.
)
(C:\Users\Jerson\AppData\Local\Programs\MiKTeX\tex/latex/amsfonts\amssymb.sty
Package: amssymb 2013/01/14 v3.01 AMS font symbols

(C:\Users\Jerson\AppData\Local\Programs\MiKTeX\tex/latex/amsfonts\amsfonts.sty
Package: amsfonts 2013/01/14 v3.01 Basic AMSFonts support
\symAMSa=\mathgroup4
\symAMSb=\mathgroup5
LaTeX Font Info:    Redeclaring math symbol \hbar on input line 98.
LaTeX Font Info:    Overwriting math alphabet `\mathfrak' in version `bold'
(Font)                  U/euf/m/n --> U/euf/b/n on input line 106.
)) (C:\Users\Jerson\AppData\Local\Programs\MiKTeX\tex/latex/base\alltt.sty
Package: alltt 2024/07/07 v2.0g defines alltt environment
)
(C:\Users\Jerson\AppData\Local\Programs\MiKTeX\tex/latex/tools\array.sty
Package: array 2025/06/08 v2.6j Tabular extension package (FMi)
\col@sep=\dimen158
\ar@mcellbox=\box55
\extrarowheight=\dimen159
\NC@list=\toks24
\extratabsurround=\skip54
\backup@length=\skip55
\ar@cellbox=\box56
)
(C:\Users\Jerson\AppData\Local\Programs\MiKTeX\tex/latex/tools\dcolumn.sty
Package: dcolumn 2023/07/08 v1.06 decimal alignment package (DPC)
)
(C:\Users\Jerson\AppData\Local\Programs\MiKTeX\tex/latex/footmisc\footmisc.sty
Package: footmisc 2025/05/09 v7.0b a miscellany of footnote facilities
\FN@temptoken=\toks25
\footnotemargin=\dimen160

(C:\Users\Jerson\AppData\Local\Programs\MiKTeX\tex/latex/bigfoot\perpage.sty
Package: perpage 2014/10/25 2.0 Reset/sort counters per page
\c@abspage=\count296
)
\c@pp@a@footnote=\count297
Package footmisc Info: Declaring symbol style bringhurst on input line 549.
Package footmisc Info: Declaring symbol style chicago on input line 557.
Package footmisc Info: Declaring symbol style wiley on input line 566.
Package footmisc Info: Declaring symbol style lamport-robust on input line 577.

Package footmisc Info: Declaring symbol style lamport* on input line 597.
Package footmisc Info: Declaring symbol style lamport*-robust on input line 618
.
)
(C:\Users\Jerson\AppData\Local\Programs\MiKTeX\tex/latex/tools\multicol.sty
Package: multicol 2025/05/25 v2.0a multicolumn formatting (FMi)
\c@tracingmulticols=\count298
\mult@box=\box57
\multicol@leftmargin=\dimen161
\c@unbalance=\count299
\c@collectmore=\count300
\doublecol@number=\count301
\multicoltolerance=\count302
\multicolpretolerance=\count303
\full@width=\dimen162
\page@free=\dimen163
\premulticols=\dimen164
\postmulticols=\dimen165
\multicolsep=\skip56
\multicolbaselineskip=\skip57
\partial@page=\box58
\last@line=\box59
\mc@boxedresult=\box60
\maxbalancingoverflow=\dimen166
\mult@rightbox=\box61
\mult@grightbox=\box62
\mult@firstbox=\box63
\mult@gfirstbox=\box64
\@tempa=\box65
\@tempa=\box66
\@tempa=\box67
\@tempa=\box68
\@tempa=\box69
\@tempa=\box70
\@tempa=\box71
\@tempa=\box72
\@tempa=\box73
\@tempa=\box74
\@tempa=\box75
\@tempa=\box76
\@tempa=\box77
\@tempa=\box78
\@tempa=\box79
\@tempa=\box80
\@tempa=\box81
\@tempa=\box82
\@tempa=\box83
\@tempa=\box84
\@tempa=\box85
\@tempa=\box86
\@tempa=\box87
\@tempa=\box88
\@tempa=\box89
\@tempa=\box90
\@tempa=\box91
\@tempa=\box92
\@tempa=\box93
\@tempa=\box94
\@tempa=\box95
\@tempa=\box96
\@tempa=\box97
\@tempa=\box98
\@tempa=\box99
\@tempa=\box100
\c@minrows=\count304
\c@columnbadness=\count305
\c@finalcolumnbadness=\count306
\last@try=\dimen167
\multicolovershoot=\dimen168
\multicolundershoot=\dimen169
\mult@nat@firstbox=\box101
\colbreak@box=\box102
\mc@col@check@num=\count307
\g__mc_curr_col_int=\count308
)
(C:\Users\Jerson\AppData\Local\Programs\MiKTeX\tex/latex/graphics\graphicx.sty
Package: graphicx 2024/12/31 v1.2e Enhanced LaTeX Graphics (DPC,SPQR)

(C:\Users\Jerson\AppData\Local\Programs\MiKTeX\tex/latex/graphics\keyval.sty
Package: keyval 2022/05/29 v1.15 key=value parser (DPC)
\KV@toks@=\toks26
)
(C:\Users\Jerson\AppData\Local\Programs\MiKTeX\tex/latex/graphics\graphics.sty
Package: graphics 2024/08/06 v1.4g Standard LaTeX Graphics (DPC,SPQR)

(C:\Users\Jerson\AppData\Local\Programs\MiKTeX\tex/latex/graphics\trig.sty
Package: trig 2023/12/02 v1.11 sin cos tan (DPC)
)
(C:\Users\Jerson\AppData\Local\Programs\MiKTeX\tex/latex/graphics-cfg\graphics.
cfg
File: graphics.cfg 2016/06/04 v1.11 sample graphics configuration
)
Package graphics Info: Driver file: pdftex.def on input line 106.

(C:\Users\Jerson\AppData\Local\Programs\MiKTeX\tex/latex/graphics-def\pdftex.de
f
File: pdftex.def 2024/04/13 v1.2c Graphics/color driver for pdftex
))
\Gin@req@height=\dimen170
\Gin@req@width=\dimen171
)
(C:\Users\Jerson\AppData\Local\Programs\MiKTeX\tex/latex/wrapfig\wrapfig.sty
\wrapoverhang=\dimen172
\WF@size=\dimen173
\c@WF@wrappedlines=\count309
\WF@box=\box103
\WF@everypar=\toks27
Package: wrapfig 2003/01/31  v 3.6
)
(C:\Users\Jerson\AppData\Local\Programs\MiKTeX\tex/latex/tools\indentfirst.sty
Package: indentfirst 2023/07/02 v1.03 Indent first paragraph (DPC)
) (C:\Users\Jerson\AppData\Local\Programs\MiKTeX\tex/latex/tools\calc.sty
Package: calc 2025/03/01 v4.3b Infix arithmetic (KKT,FJ)
\calc@Acount=\count310
\calc@Bcount=\count311
\calc@Adimen=\dimen174
\calc@Bdimen=\dimen175
\calc@Askip=\skip58
\calc@Bskip=\skip59
LaTeX Info: Redefining \setlength on input line 86.
LaTeX Info: Redefining \addtolength on input line 87.
\calc@Ccount=\count312
\calc@Cskip=\skip60
)
(C:\Users\Jerson\AppData\Local\Programs\MiKTeX\tex/latex/fancyhdr\fancyhdr.sty
Package: fancyhdr 2025/02/07 v5.2 Extensive control of page headers and footers

\f@nch@headwidth=\skip61
\f@nch@offset@elh=\skip62
\f@nch@offset@erh=\skip63
\f@nch@offset@olh=\skip64
\f@nch@offset@orh=\skip65
\f@nch@offset@elf=\skip66
\f@nch@offset@erf=\skip67
\f@nch@offset@olf=\skip68
\f@nch@offset@orf=\skip69
\f@nch@height=\skip70
\f@nch@footalignment=\skip71
\f@nch@widthL=\skip72
\f@nch@widthC=\skip73
\f@nch@widthR=\skip74
\@temptokenb=\toks28
) (C:\Users\Jerson\AppData\Local\Programs\MiKTeX\tex/latex/geometry\geometry.st
y
Package: geometry 2020/01/02 v5.9 Page Geometry
(C:\Users\Jerson\AppData\Local\Programs\MiKTeX\tex/generic/iftex\ifvtex.sty
Package: ifvtex 2019/10/25 v1.7 ifvtex legacy package. Use iftex instead.

(C:\Users\Jerson\AppData\Local\Programs\MiKTeX\tex/generic/iftex\iftex.sty
Package: iftex 2024/12/12 v1.0g TeX engine tests
))
\Gm@cnth=\count313
\Gm@cntv=\count314
\c@Gm@tempcnt=\count315
\Gm@bindingoffset=\dimen176
\Gm@wd@mp=\dimen177
\Gm@odd@mp=\dimen178
\Gm@even@mp=\dimen179
\Gm@layoutwidth=\dimen180
\Gm@layoutheight=\dimen181
\Gm@layouthoffset=\dimen182
\Gm@layoutvoffset=\dimen183
\Gm@dimlist=\toks29

(C:\Users\Jerson\AppData\Local\Programs\MiKTeX\tex/latex/geometry\geometry.cfg)
)
(C:\Users\Jerson\AppData\Local\Programs\MiKTeX\tex/latex/hyperref\hyperref.sty
Package: hyperref 2025-07-12 v7.01o Hypertext links for LaTeX

(C:\Users\Jerson\AppData\Local\Programs\MiKTeX\tex/latex/kvsetkeys\kvsetkeys.st
y
Package: kvsetkeys 2022-10-05 v1.19 Key value parser (HO)
)
(C:\Users\Jerson\AppData\Local\Programs\MiKTeX\tex/generic/kvdefinekeys\kvdefin
ekeys.sty
Package: kvdefinekeys 2019-12-19 v1.6 Define keys (HO)
)
(C:\Users\Jerson\AppData\Local\Programs\MiKTeX\tex/generic/pdfescape\pdfescape.
sty
Package: pdfescape 2019/12/09 v1.15 Implements pdfTeX's escape features (HO)

(C:\Users\Jerson\AppData\Local\Programs\MiKTeX\tex/generic/ltxcmds\ltxcmds.sty
Package: ltxcmds 2023-12-04 v1.26 LaTeX kernel commands for general use (HO)
)
(C:\Users\Jerson\AppData\Local\Programs\MiKTeX\tex/generic/pdftexcmds\pdftexcmd
s.sty
Package: pdftexcmds 2020-06-27 v0.33 Utility functions of pdfTeX for LuaTeX (HO
)

(C:\Users\Jerson\AppData\Local\Programs\MiKTeX\tex/generic/infwarerr\infwarerr.
sty
Package: infwarerr 2019/12/03 v1.5 Providing info/warning/error messages (HO)
)
Package pdftexcmds Info: \pdf@primitive is available.
Package pdftexcmds Info: \pdf@ifprimitive is available.
Package pdftexcmds Info: \pdfdraftmode found.
))
(C:\Users\Jerson\AppData\Local\Programs\MiKTeX\tex/latex/hycolor\hycolor.sty
Package: hycolor 2020-01-27 v1.10 Color options for hyperref/bookmark (HO)
)
(C:\Users\Jerson\AppData\Local\Programs\MiKTeX\tex/latex/hyperref\nameref.sty
Package: nameref 2025-06-21 v2.57 Cross-referencing by name of section

(C:\Users\Jerson\AppData\Local\Programs\MiKTeX\tex/latex/refcount\refcount.sty
Package: refcount 2019/12/15 v3.6 Data extraction from label references (HO)
)
(C:\Users\Jerson\AppData\Local\Programs\MiKTeX\tex/generic/gettitlestring\getti
tlestring.sty
Package: gettitlestring 2019/12/15 v1.6 Cleanup title references (HO)

(C:\Users\Jerson\AppData\Local\Programs\MiKTeX\tex/latex/kvoptions\kvoptions.st
y
Package: kvoptions 2022-06-15 v3.15 Key value format for package options (HO)
))
\c@section@level=\count316
)
(C:\Users\Jerson\AppData\Local\Programs\MiKTeX\tex/latex/etoolbox\etoolbox.sty
Package: etoolbox 2025/02/11 v2.5l e-TeX tools for LaTeX (JAW)
\etb@tempcnta=\count317
)
(C:\Users\Jerson\AppData\Local\Programs\MiKTeX\tex/generic/stringenc\stringenc.
sty
Package: stringenc 2019/11/29 v1.12 Convert strings between diff. encodings (HO
)
)
\@linkdim=\dimen184
\Hy@linkcounter=\count318
\Hy@pagecounter=\count319

(C:\Users\Jerson\AppData\Local\Programs\MiKTeX\tex/latex/hyperref\pd1enc.def
File: pd1enc.def 2025-07-12 v7.01o Hyperref: PDFDocEncoding definition (HO)
Now handling font encoding PD1 ...
... no UTF-8 mapping file for font encoding PD1
)
(C:\Users\Jerson\AppData\Local\Programs\MiKTeX\tex/generic/intcalc\intcalc.sty
Package: intcalc 2019/12/15 v1.3 Expandable calculations with integers (HO)
)
\Hy@SavedSpaceFactor=\count320
(C:\Users\Jerson\AppData\Local\Programs\MiKTeX\tex/latex/hyperref\puenc.def
File: puenc.def 2025-07-12 v7.01o Hyperref: PDF Unicode definition (HO)
Now handling font encoding PU ...
... no UTF-8 mapping file for font encoding PU
)
Package hyperref Info: Option `hyperfootnotes' set `false' on input line 4066.
Package hyperref Info: Option `bookmarks' set `true' on input line 4066.
Package hyperref Info: Option `linktocpage' set `false' on input line 4066.
Package hyperref Info: Option `pdfdisplaydoctitle' set `true' on input line 406
6.
Package hyperref Info: Option `pdfpagelabels' set `true' on input line 4066.
Package hyperref Info: Option `bookmarksopen' set `true' on input line 4066.
Package hyperref Info: Option `colorlinks' set `true' on input line 4066.
Package hyperref Info: Hyper figures OFF on input line 4195.
Package hyperref Info: Link nesting OFF on input line 4200.
Package hyperref Info: Hyper index ON on input line 4203.
Package hyperref Info: Plain pages OFF on input line 4210.
Package hyperref Info: Backreferencing OFF on input line 4215.
Package hyperref Info: Implicit mode ON; LaTeX internals redefined.
Package hyperref Info: Bookmarks ON on input line 4462.
\c@Hy@tempcnt=\count321

(C:\Users\Jerson\AppData\Local\Programs\MiKTeX\tex/latex/url\url.sty
\Urlmuskip=\muskip18
Package: url 2013/09/16  ver 3.4  Verb mode for urls, etc.
)
LaTeX Info: Redefining \url on input line 4801.
\XeTeXLinkMargin=\dimen185

(C:\Users\Jerson\AppData\Local\Programs\MiKTeX\tex/generic/bitset\bitset.sty
Package: bitset 2019/12/09 v1.3 Handle bit-vector datatype (HO)

(C:\Users\Jerson\AppData\Local\Programs\MiKTeX\tex/generic/bigintcalc\bigintcal
c.sty
Package: bigintcalc 2019/12/15 v1.5 Expandable calculations on big integers (HO
)
))
\Fld@menulength=\count322
\Field@Width=\dimen186
\Fld@charsize=\dimen187
Package hyperref Info: Hyper figures OFF on input line 6078.
Package hyperref Info: Link nesting OFF on input line 6083.
Package hyperref Info: Hyper index ON on input line 6086.
Package hyperref Info: backreferencing OFF on input line 6093.
Package hyperref Info: Link coloring ON on input line 6096.
Package hyperref Info: Link coloring with OCG OFF on input line 6103.
Package hyperref Info: PDF/A mode OFF on input line 6108.
\Hy@abspage=\count323
\c@Item=\count324
)
Package hyperref Info: Driver: hpdftex.

(C:\Users\Jerson\AppData\Local\Programs\MiKTeX\tex/latex/hyperref\hpdftex.def
File: hpdftex.def 2025-07-12 v7.01o Hyperref driver for pdfTeX
\Fld@listcount=\count325
\c@bookmark@seq@number=\count326

(C:\Users\Jerson\AppData\Local\Programs\MiKTeX\tex/latex/rerunfilecheck\rerunfi
lecheck.sty
Package: rerunfilecheck 2025-06-21 v1.11 Rerun checks for auxiliary files (HO)

(C:\Users\Jerson\AppData\Local\Programs\MiKTeX\tex/generic/uniquecounter\unique
counter.sty
Package: uniquecounter 2019/12/15 v1.4 Provide unlimited unique counter (HO)
)
Package uniquecounter Info: New unique counter `rerunfilecheck' on input line 2
84.
)
\Hy@SectionHShift=\skip75
)
\c@mytnote=\count327
\TmpLen=\skip76
\MySkip=\skip77
\c@SectionNo=\count328
   defining Unicode char U+00A3 (decimal 163)
   defining Unicode char U+00B0 (decimal 176)
   defining Unicode char U+00B1 (decimal 177)
   defining Unicode char U+00B7 (decimal 183)
   defining Unicode char U+00D7 (decimal 215)
   defining Unicode char U+00F7 (decimal 247)
\DP@lign@no=\count329
\DP@lignb@dy=\toks30

(C:\Users\Jerson\AppData\Local\Programs\MiKTeX\tex/latex/l3backend\l3backend-pd
ftex.def
File: l3backend-pdftex.def 2025-06-09 L3 backend support: PDF output (pdfTeX)
\l__color_backend_stack_int=\count330
) (33283-t.aux)
\openout1 = `33283-t.aux'.

LaTeX Font Info:    Checking defaults for OML/cmm/m/it on input line 845.
LaTeX Font Info:    ... okay on input line 845.
LaTeX Font Info:    Checking defaults for OMS/cmsy/m/n on input line 845.
LaTeX Font Info:    ... okay on input line 845.
LaTeX Font Info:    Checking defaults for OT1/cmr/m/n on input line 845.
LaTeX Font Info:    ... okay on input line 845.
LaTeX Font Info:    Checking defaults for T1/cmr/m/n on input line 845.
LaTeX Font Info:    ... okay on input line 845.
LaTeX Font Info:    Checking defaults for TS1/cmr/m/n on input line 845.
LaTeX Font Info:    ... okay on input line 845.
LaTeX Font Info:    Checking defaults for OMX/cmex/m/n on input line 845.
LaTeX Font Info:    ... okay on input line 845.
LaTeX Font Info:    Checking defaults for U/cmr/m/n on input line 845.
LaTeX Font Info:    ... okay on input line 845.
LaTeX Font Info:    Checking defaults for PD1/pdf/m/n on input line 845.
LaTeX Font Info:    ... okay on input line 845.
LaTeX Font Info:    Checking defaults for PU/pdf/m/n on input line 845.
LaTeX Font Info:    ... okay on input line 845.

(C:\Users\Jerson\AppData\Local\Programs\MiKTeX\tex/context/base/mkii\supp-pdf.m
kii
[Loading MPS to PDF converter (version 2006.09.02).]
\scratchcounter=\count331
\scratchdimen=\dimen188
\scratchbox=\box104
\nofMPsegments=\count332
\nofMParguments=\count333
\everyMPshowfont=\toks31
\MPscratchCnt=\count334
\MPscratchDim=\dimen189
\MPnumerator=\count335
\makeMPintoPDFobject=\count336
\everyMPtoPDFconversion=\toks32
)
(C:\Users\Jerson\AppData\Local\Programs\MiKTeX\tex/latex/epstopdf-pkg\epstopdf-
base.sty
Package: epstopdf-base 2020-01-24 v2.11 Base part for package epstopdf
Package epstopdf-base Info: Redefining graphics rule for `.eps' on input line 4
85.

(C:\Users\Jerson\AppData\Local\Programs\MiKTeX\tex/latex/00miktex\epstopdf-sys.
cfg
File: epstopdf-sys.cfg 2021/03/18 v2.0 Configuration of epstopdf for MiKTeX
))
*geometry* driver: auto-detecting
*geometry* detected driver: pdftex
*geometry* verbose mode - [ preamble ] result:
* driver: pdftex
* paper: <default>
* layout: <same size as paper>
* layoutoffset:(h,v)=(0.0pt,0.0pt)
* hratio: 1:1
* modes: includehead includefoot twoside 
* h-part:(L,W,R)=(36.135pt, 361.34999pt, 36.13501pt)
* v-part:(T,H,B)=(4.15848pt, 567.7638pt, 6.23772pt)
* \paperwidth=433.62pt
* \paperheight=578.15999pt
* \textwidth=361.34999pt
* \textheight=505.89pt
* \oddsidemargin=-36.135pt
* \evensidemargin=-36.13498pt
* \topmargin=-68.11151pt
* \headheight=12.0pt
* \headsep=19.8738pt
* \topskip=12.0pt
* \footskip=30.0pt
* \marginparwidth=98.0pt
* \marginparsep=7.0pt
* \columnsep=10.0pt
* \skip\footins=10.8pt plus 4.0pt minus 2.0pt
* \hoffset=0.0pt
* \voffset=0.0pt
* \mag=1000
* \@twocolumnfalse
* \@twosidetrue
* \@mparswitchtrue
* \@reversemarginfalse
* (1in=72.27pt=25.4mm, 1cm=28.453pt)

(C:\Users\Jerson\AppData\Local\Programs\MiKTeX\tex/latex/graphics\color.sty
Package: color 2025/01/14 v1.3e Standard LaTeX Color (DPC)

(C:\Users\Jerson\AppData\Local\Programs\MiKTeX\tex/latex/graphics-cfg\color.cfg
File: color.cfg 2016/01/02 v1.6 sample color configuration
)
Package color Info: Driver file: pdftex.def on input line 149.

(C:\Users\Jerson\AppData\Local\Programs\MiKTeX\tex/latex/graphics\mathcolor.ltx
))
Package hyperref Info: Link coloring ON on input line 845.
 (33283-t.out) (33283-t.out)
\@outlinefile=\write3
\openout3 = `33283-t.out'.

LaTeX Font Info:    Trying to load font information for U+msa on input line 888
.

(C:\Users\Jerson\AppData\Local\Programs\MiKTeX\tex/latex/amsfonts\umsa.fd
File: umsa.fd 2013/01/14 v3.01 AMS symbols A
)
LaTeX Font Info:    Trying to load font information for U+msb on input line 888
.

(C:\Users\Jerson\AppData\Local\Programs\MiKTeX\tex/latex/amsfonts\umsb.fd
File: umsb.fd 2013/01/14 v3.01 AMS symbols B
)

[1

{C:/Users/Jerson/AppData/Local/MiKTeX/fonts/map/pdftex/pdftex.map}]

[2

]

[1


]
<./images/pubmark.pdf, id=108, 234.8775pt x 67.25125pt>
File: ./images/pubmark.pdf Graphic file (type pdf)
<use ./images/pubmark.pdf>
Package pdftex.def Info: ./images/pubmark.pdf  used on input line 927.
(pdftex.def)             Requested size: 144.54pt x 41.38542pt.


[2 <./images/pubmark.pdf>]
Overfull \hbox (11.04079pt too wide) detected at line 953
\OT1/cmr/m/n/12 SIENDO UNA INTRODUCCI[]ON MUY SIMPLE A
 []


Overfull \hbox (5.5895pt too wide) detected at line 955
\OT1/cmr/m/n/12 QUE GENERALMENTE SE LLAMAN CON LOS
 []



[3

]

[4]

[5

]

[6


] (33283-t.toc)
\tf@toc=\write4
\openout4 = `33283-t.toc'.



[7


]

[8


]

[1



]

[2]

[3


]
Underfull \hbox (badness 1048) in paragraph at lines 1227--1234
\OT1/cmr/m/n/12 (\OT1/cmr/m/it/12 i.e. $[]$\OT1/cmr/m/n/12 ) como una fracci^^S
on \OT1/cmr/m/it/12 peque~na\OT1/cmr/m/n/12 , en-tonces $1$ por ciento de
 []



[4]

[5]
<./images/018a.pdf, id=202, 155.58125pt x 185.69376pt>
File: ./images/018a.pdf Graphic file (type pdf)
<use ./images/018a.pdf>
Package pdftex.def Info: ./images/018a.pdf  used on input line 1288.
(pdftex.def)             Requested size: 108.405pt x 129.38687pt.
<./images/019a.pdf, id=205, 175.65625pt x 191.71625pt>
File: ./images/019a.pdf Graphic file (type pdf)
<use ./images/019a.pdf>
Package pdftex.def Info: ./images/019a.pdf  used on input line 1300.
(pdftex.def)             Requested size: 175.6558pt x 191.71577pt.
<./images/019b.pdf, id=206, 175.65625pt x 197.73875pt>
File: ./images/019b.pdf Graphic file (type pdf)
<use ./images/019b.pdf>
Package pdftex.def Info: ./images/019b.pdf  used on input line 1300.
(pdftex.def)             Requested size: 175.6558pt x 197.73827pt.


[6 <./images/018a.pdf>]

[7 <./images/019a.pdf> <./images/019b.pdf>]

[8]

[9


]
<./images/022a.pdf, id=268, 197.73875pt x 149.55875pt>
File: ./images/022a.pdf Graphic file (type pdf)
<use ./images/022a.pdf>
Package pdftex.def Info: ./images/022a.pdf  used on input line 1395.
(pdftex.def)             Requested size: 180.67499pt x 136.65321pt.


[10 <./images/022a.pdf>]
<./images/023a.pdf, id=290, 164.615pt x 240.9pt>
File: ./images/023a.pdf Graphic file (type pdf)
<use ./images/023a.pdf>
Package pdftex.def Info: ./images/023a.pdf  used on input line 1413.
(pdftex.def)             Requested size: 144.54pt x 211.5258pt.


[11 <./images/023a.pdf>]

[12]

[13]

[14]

[15]
Overfull \hbox (10.05789pt too wide) detected at line 1593
[]
 []



[16

]

[17


]

[18]

[19]

[20]
Overfull \hbox (21.71983pt too wide) detected at line 1798
[]
 []



[21]

[22]

LaTeX Warning: Hyper reference `binomtheo' on page 23 undefined on input line 1
844.


LaTeX Warning: Reference `binomtheo' on page 23 undefined on input line 1844.



[23]

LaTeX Warning: Hyper reference `AnsEx:I' on page 24 undefined on input line 189
0.


LaTeX Warning: Reference `AnsEx:I' on page 24 undefined on input line 1890.





















[24]













[25]
Overfull \hbox (18.05641pt too wide) detected at line 1962
[]
 []



[26


]

[27]
<./images/040a.pdf, id=414, 208.78pt x 226.8475pt>
File: ./images/040a.pdf Graphic file (type pdf)
<use ./images/040a.pdf>
Package pdftex.def Info: ./images/040a.pdf  used on input line 2019.
(pdftex.def)             Requested size: 180.67499pt x 196.32076pt.
<./images/040b.pdf, id=415, 209.78375pt x 252.945pt>
File: ./images/040b.pdf Graphic file (type pdf)
<use ./images/040b.pdf>
Package pdftex.def Info: ./images/040b.pdf  used on input line 2019.
(pdftex.def)             Requested size: 180.67499pt x 217.8488pt.


LaTeX Warning: Hyper reference `slope' on page 28 undefined on input line 2031.



LaTeX Warning: Reference `slope' on page 28 undefined on input line 2031.



[28]

[29 <./images/040a.pdf> <./images/040b.pdf>]

[30]

[31]

[32]

LaTeX Warning: Hyper reference `AnsEx:II' on page 33 undefined on input line 21
83.


LaTeX Warning: Reference `AnsEx:II' on page 33 undefined on input line 2183.





















[33]

[34]

[35]

[36


]

[37]

[38]

[39]

[40]

[41]

[42]

[43]

LaTeX Warning: Hyper reference `dodge' on page 44 undefined on input line 2579.



LaTeX Warning: Reference `dodge' on page 44 undefined on input line 2579.



[44]

LaTeX Warning: Hyper reference `example1' on page 45 undefined on input line 26
44.


LaTeX Warning: Reference `example1' on page 45 undefined on input line 2644.



[45]

[46]

LaTeX Warning: Hyper reference `binomtheo' on page 47 undefined on input line 2
726.


LaTeX Warning: Reference `binomtheo' on page 47 undefined on input line 2726.


Overfull \hbox (53.87189pt too wide) detected at line 2735
[]
 []


LaTeX Warning: Hyper reference `AnsEx:III' on page 47 undefined on input line 2
740.


LaTeX Warning: Reference `AnsEx:III' on page 47 undefined on input line 2740.



[47]













[48]
Underfull \hbox (badness 1286) in paragraph at lines 2817--2820
[]\OT1/cmr/m/n/12 La fuerza elec-tro-motriz nece-saria para man-tener un arco
 []



[49]

[50


]
Overfull \hbox (28.06808pt too wide) detected at line 2885
[]
 []



[51]

LaTeX Warning: Hyper reference `AnsEx:III' on page 52 undefined on input line 2
912.


LaTeX Warning: Reference `AnsEx:III' on page 52 undefined on input line 2912.









[52]

[53]

[54


]

[55]

[56]

[57]

[58]

[59]

[60]

[61]

[62]

[63]

[64]

[65]

LaTeX Warning: Hyper reference `AnsEx:V' on page 66 undefined on input line 338
0.


LaTeX Warning: Reference `AnsEx:V' on page 66 undefined on input line 3380.



[66]

[67]

[68]

[69


]

[70]

[71]
Overfull \hbox (79.37369pt too wide) detected at line 3635
[]
 []



[72]

[73]

[74]

LaTeX Warning: Hyper reference `Ex:X11' on page 75 undefined on input line 3725
.


LaTeX Warning: Hyper reference `AnsEx:VI' on page 75 undefined on input line 37
28.


LaTeX Warning: Reference `AnsEx:VI' on page 75 undefined on input line 3728.





















[75]

LaTeX Warning: Hyper reference `examples4' on page 76 undefined on input line 3
796.


LaTeX Warning: Reference `examples4' on page 76 undefined on input line 3796.


LaTeX Warning: Hyper reference `AnsEx:VII' on page 76 undefined on input line 3
811.


LaTeX Warning: Reference `AnsEx:VII' on page 76 undefined on input line 3811.



[76]

[77]
<./images/088a.pdf, id=754, 201.75375pt x 190.7125pt>
File: ./images/088a.pdf Graphic file (type pdf)
<use ./images/088a.pdf>
Package pdftex.def Info: ./images/088a.pdf  used on input line 3834.
(pdftex.def)             Requested size: 162.6075pt x 153.71092pt.


LaTeX Warning: Hyper reference `fig:7' on page 78 undefined on input line 3836.




[78


 <./images/088a.pdf>]

[79]
<./images/090a.pdf, id=777, 182.6825pt x 177.66376pt>
File: ./images/090a.pdf Graphic file (type pdf)
<use ./images/090a.pdf>
Package pdftex.def Info: ./images/090a.pdf  used on input line 3889.
(pdftex.def)             Requested size: 162.6075pt x 158.14734pt.


LaTeX Warning: Hyper reference `fig:8' on page 80 undefined on input line 3892.



LaTeX Warning: Hyper reference `fig:9' on page 80 undefined on input line 3896.


<./images/091a.pdf, id=778, 182.6825pt x 177.66376pt>
File: ./images/091a.pdf Graphic file (type pdf)
<use ./images/091a.pdf>
Package pdftex.def Info: ./images/091a.pdf  used on input line 3898.
(pdftex.def)             Requested size: 162.6075pt x 158.14734pt.
<./images/091b.pdf, id=779, 182.6825pt x 177.66376pt>
File: ./images/091b.pdf Graphic file (type pdf)
<use ./images/091b.pdf>
Package pdftex.def Info: ./images/091b.pdf  used on input line 3898.
(pdftex.def)             Requested size: 162.6075pt x 158.14734pt.

LaTeX Warning: Hyper reference `fig:10' on page 80 undefined on input line 3900
.

<./images/091c.pdf, id=780, 204.765pt x 177.66376pt>
File: ./images/091c.pdf Graphic file (type pdf)
<use ./images/091c.pdf>
Package pdftex.def Info: ./images/091c.pdf  used on input line 3905.
(pdftex.def)             Requested size: 162.6075pt x 141.09561pt.

LaTeX Warning: Hyper reference `fig:11' on page 80 undefined on input line 3907
.


LaTeX Warning: Hyper reference `fig:12' on page 80 undefined on input line 3914
.



[80 <./images/090a.pdf>]
<./images/092a.pdf, id=794, 209.78375pt x 177.66376pt>
File: ./images/092a.pdf Graphic file (type pdf)
<use ./images/092a.pdf>
Package pdftex.def Info: ./images/092a.pdf  used on input line 3917.
(pdftex.def)             Requested size: 162.6075pt x 137.70967pt.


LaTeX Warning: Hyper reference `fig:13' on page 81 undefined on input line 3922
.

<./images/092b.pdf, id=795, 209.78375pt x 177.66376pt>
File: ./images/092b.pdf Graphic file (type pdf)
<use ./images/092b.pdf>
Package pdftex.def Info: ./images/092b.pdf  used on input line 3923.
(pdftex.def)             Requested size: 162.6075pt x 137.70967pt.

LaTeX Warning: Hyper reference `fig:14' on page 81 undefined on input line 3928
.

<./images/093a.pdf, id=796, 201.75375pt x 177.66376pt>
File: ./images/093a.pdf Graphic file (type pdf)
<use ./images/093a.pdf>
Package pdftex.def Info: ./images/093a.pdf  used on input line 3930.
(pdftex.def)             Requested size: 162.6075pt x 143.19386pt.
<./images/093b.pdf, id=797, 201.75375pt x 177.66376pt>
File: ./images/093b.pdf Graphic file (type pdf)
<use ./images/093b.pdf>
Package pdftex.def Info: ./images/093b.pdf  used on input line 3930.
(pdftex.def)             Requested size: 162.6075pt x 143.19386pt.

LaTeX Warning: Hyper reference `fig:15' on page 81 undefined on input line 3933
.


LaTeX Warning: Hyper reference `fig:28' on page 81 undefined on input line 3942
.


LaTeX Warning: Hyper reference `fig:28' on page 81 undefined on input line 3942
.


LaTeX Warning: Reference `fig:28' on page 81 undefined on input line 3942.



[81 <./images/091a.pdf> <./images/091b.pdf> <./images/091c.pdf>]

[82 <./images/092a.pdf> <./images/092b.pdf>]

LaTeX Warning: Hyper reference `fig:16' on page 83 undefined on input line 3955
.


LaTeX Warning: Hyper reference `fig:28' on page 83 undefined on input line 3958
.

<./images/094a.pdf, id=843, 201.75375pt x 177.66376pt>
File: ./images/094a.pdf Graphic file (type pdf)
<use ./images/094a.pdf>
Package pdftex.def Info: ./images/094a.pdf  used on input line 3962.
(pdftex.def)             Requested size: 162.6075pt x 143.19386pt.
<./images/094b.pdf, id=844, 201.75375pt x 180.675pt>
File: ./images/094b.pdf Graphic file (type pdf)
<use ./images/094b.pdf>
Package pdftex.def Info: ./images/094b.pdf  used on input line 3962.
(pdftex.def)             Requested size: 162.6075pt x 145.62088pt.

LaTeX Warning: Hyper reference `fig:17' on page 83 undefined on input line 3967
.


LaTeX Warning: Hyper reference `fig:18' on page 83 undefined on input line 3974
.



[83 <./images/093a.pdf> <./images/093b.pdf>]
<./images/095a.pdf, id=868, 201.75375pt x 186.6975pt>
File: ./images/095a.pdf Graphic file (type pdf)
<use ./images/095a.pdf>
Package pdftex.def Info: ./images/095a.pdf  used on input line 3980.
(pdftex.def)             Requested size: 162.6075pt x 150.47491pt.


LaTeX Warning: Hyper reference `fig:19' on page 84 undefined on input line 3992
.

<./images/096a.pdf, id=869, 165.61874pt x 177.66376pt>
File: ./images/096a.pdf Graphic file (type pdf)
<use ./images/096a.pdf>
Package pdftex.def Info: ./images/096a.pdf  used on input line 3995.
(pdftex.def)             Requested size: 162.6075pt x 174.44272pt.
<./images/096b.pdf, id=870, 165.61874pt x 177.66376pt>
File: ./images/096b.pdf Graphic file (type pdf)
<use ./images/096b.pdf>
Package pdftex.def Info: ./images/096b.pdf  used on input line 3995.
(pdftex.def)             Requested size: 162.6075pt x 174.44272pt.


[84 <./images/094a.pdf> <./images/094b.pdf> <./images/095a.pdf>]

LaTeX Warning: Hyper reference `fig:21' on page 85 undefined on input line 4023
.


LaTeX Warning: Hyper reference `fig:20' on page 85 undefined on input line 4023
.



[85 <./images/096a.pdf> <./images/096b.pdf>]
<./images/097a.pdf, id=920, 176.66pt x 79.29625pt>
File: ./images/097a.pdf Graphic file (type pdf)
<use ./images/097a.pdf>
Package pdftex.def Info: ./images/097a.pdf  used on input line 4025.
(pdftex.def)             Requested size: 126.47249pt x 56.76897pt.
<./images/097b.pdf, id=923, 272.01625pt x 177.66376pt>
File: ./images/097b.pdf Graphic file (type pdf)
<use ./images/097b.pdf>
Package pdftex.def Info: ./images/097b.pdf  used on input line 4042.
(pdftex.def)             Requested size: 234.87749pt x 153.41406pt.


LaTeX Warning: Hyper reference `fig:22' on page 86 undefined on input line 4047
.



[86 <./images/097a.pdf>]

LaTeX Warning: Hyper reference `fig:23' on page 87 undefined on input line 4081
.


LaTeX Warning: Hyper reference `fig:24' on page 87 undefined on input line 4081
.


LaTeX Warning: Hyper reference `fig:23' on page 87 undefined on input line 4082
.


LaTeX Warning: Hyper reference `fig:24' on page 87 undefined on input line 4083
.

<./images/099a.pdf, id=935, 208.78pt x 205.76875pt>
File: ./images/099a.pdf Graphic file (type pdf)
<use ./images/099a.pdf>
Package pdftex.def Info: ./images/099a.pdf  used on input line 4089.
(pdftex.def)             Requested size: 180.67499pt x 178.07855pt.
<./images/099b.pdf, id=936, 208.78pt x 194.7275pt>
File: ./images/099b.pdf Graphic file (type pdf)
<use ./images/099b.pdf>
Package pdftex.def Info: ./images/099b.pdf  used on input line 4089.
(pdftex.def)             Requested size: 180.67499pt x 168.52312pt.

LaTeX Warning: Hyper reference `fig:25' on page 87 undefined on input line 4091
.

<./images/099c.pdf, id=937, 162.6075pt x 141.52875pt>
File: ./images/099c.pdf Graphic file (type pdf)
<use ./images/099c.pdf>
Package pdftex.def Info: ./images/099c.pdf  used on input line 4093.
(pdftex.def)             Requested size: 162.6075pt x 141.53918pt.


[87 <./images/097b.pdf>]

[88 <./images/099a.pdf> <./images/099b.pdf> <./images/099c.pdf>]

LaTeX Warning: Hyper reference `slope' on page 89 undefined on input line 4110.



LaTeX Warning: Reference `slope' on page 89 undefined on input line 4110.



[89]

[90]

LaTeX Warning: Hyper reference `AnsEx:VIII' on page 91 undefined on input line 
4212.


LaTeX Warning: Reference `AnsEx:VIII' on page 91 undefined on input line 4212.



[91]

[92]

[93]
<./images/105a.pdf, id=1020, 159.59625pt x 177.66376pt>
File: ./images/105a.pdf Graphic file (type pdf)
<use ./images/105a.pdf>
Package pdftex.def Info: ./images/105a.pdf  used on input line 4285.
(pdftex.def)             Requested size: 162.6075pt x 181.01672pt.


LaTeX Warning: Hyper reference `fig:26' on page 94 undefined on input line 4304
.



[94


]
<./images/106a.pdf, id=1030, 163.61125pt x 165.61874pt>
File: ./images/106a.pdf Graphic file (type pdf)
<use ./images/106a.pdf>
Package pdftex.def Info: ./images/106a.pdf  used on input line 4314.
(pdftex.def)             Requested size: 162.6075pt x 164.60242pt.


[95 <./images/105a.pdf> <./images/106a.pdf>]

LaTeX Warning: Hyper reference `fig:27' on page 96 undefined on input line 4334
.


LaTeX Warning: Reference `curve' on page 96 undefined on input line 4348.


LaTeX Warning: Hyper reference `fig:14' on page 96 undefined on input line 4349
.


LaTeX Warning: Hyper reference `fig:15' on page 96 undefined on input line 4349
.



[96]

LaTeX Warning: Hyper reference `fig:26' on page 97 undefined on input line 4394
.


LaTeX Warning: Hyper reference `fig:24' on page 97 undefined on input line 4398
.



[97]

[98]

LaTeX Warning: Hyper reference `chap:XII' on page 99 undefined on input line 44
72.


LaTeX Warning: Reference `chap:XII' on page 99 undefined on input line 4472.



[99]

[100]

[101]
<./images/113a.pdf, id=1087, 188.705pt x 237.88875pt>
File: ./images/113a.pdf Graphic file (type pdf)
<use ./images/113a.pdf>
Package pdftex.def Info: ./images/113a.pdf  used on input line 4570.
(pdftex.def)             Requested size: 180.67499pt x 227.76439pt.


[102 <./images/113a.pdf>]

LaTeX Warning: Hyper reference `fig:28' on page 103 undefined on input line 459
0.


LaTeX Warning: Hyper reference `fig:29' on page 103 undefined on input line 461
1.

<./images/114a.pdf, id=1103, 201.75375pt x 177.66376pt>
File: ./images/114a.pdf Graphic file (type pdf)
<use ./images/114a.pdf>
Package pdftex.def Info: ./images/114a.pdf  used on input line 4615.
(pdftex.def)             Requested size: 180.67499pt x 159.1043pt.


[103 <./images/114a.pdf>]

[104]

LaTeX Warning: Hyper reference `dodge' on page 105 undefined on input line 4698
.


LaTeX Warning: Reference `dodge' on page 105 undefined on input line 4698.



[105]

[106]

LaTeX Warning: Hyper reference `ExNo1' on page 107 undefined on input line 4771
.


LaTeX Warning: Reference `ExNo1' on page 107 undefined on input line 4771.



[107]

LaTeX Warning: Hyper reference `fig:30' on page 108 undefined on input line 482
3.

<./images/120a.pdf, id=1138, 199.74625pt x 214.8025pt>
File: ./images/120a.pdf Graphic file (type pdf)
<use ./images/120a.pdf>
Package pdftex.def Info: ./images/120a.pdf  used on input line 4835.
(pdftex.def)             Requested size: 198.7425pt x 213.73346pt.


[108]

[109 <./images/120a.pdf>]

LaTeX Warning: Hyper reference `AnsEx:IX' on page 110 undefined on input line 4
871.


LaTeX Warning: Reference `AnsEx:IX' on page 110 undefined on input line 4871.



[110]

[111]
<./images/124a.pdf, id=1173, 195.73125pt x 177.66376pt>
File: ./images/124a.pdf Graphic file (type pdf)
<use ./images/124a.pdf>
Package pdftex.def Info: ./images/124a.pdf  used on input line 4947.
(pdftex.def)             Requested size: 162.6075pt x 147.60455pt.
<./images/124b.pdf, id=1174, 182.6825pt x 177.66376pt>
File: ./images/124b.pdf Graphic file (type pdf)
<use ./images/124b.pdf>
Package pdftex.def Info: ./images/124b.pdf  used on input line 4947.
(pdftex.def)             Requested size: 162.6075pt x 158.14734pt.


LaTeX Warning: Hyper reference `fig:31' on page 112 undefined on input line 494
9.



[112


 <./images/124a.pdf> <./images/124b.pdf>]

LaTeX Warning: Hyper reference `fig:32' on page 113 undefined on input line 495
4.


LaTeX Warning: Hyper reference `fig:14' on page 113 undefined on input line 495
9.


LaTeX Warning: Hyper reference `fig:14' on page 113 undefined on input line 495
9.


LaTeX Warning: Reference `fig:14' on page 113 undefined on input line 4959.


LaTeX Warning: Hyper reference `fig:33' on page 113 undefined on input line 495
9.

<./images/125a.pdf, id=1196, 182.6825pt x 177.66376pt>
File: ./images/125a.pdf Graphic file (type pdf)
<use ./images/125a.pdf>
Package pdftex.def Info: ./images/125a.pdf  used on input line 4964.
(pdftex.def)             Requested size: 162.6075pt x 158.14734pt.


[113 <./images/125a.pdf>]

LaTeX Warning: Hyper reference `fig:15' on page 114 undefined on input line 498
2.


LaTeX Warning: Hyper reference `fig:15' on page 114 undefined on input line 498
2.


LaTeX Warning: Reference `fig:15' on page 114 undefined on input line 4982.


LaTeX Warning: Hyper reference `fig:34' on page 114 undefined on input line 498
2.

<./images/126a.pdf, id=1210, 182.6825pt x 177.66376pt>
File: ./images/126a.pdf Graphic file (type pdf)
<use ./images/126a.pdf>
Package pdftex.def Info: ./images/126a.pdf  used on input line 4987.
(pdftex.def)             Requested size: 162.6075pt x 158.14734pt.
<./images/126b.pdf, id=1211, 182.6825pt x 177.66376pt>
File: ./images/126b.pdf Graphic file (type pdf)
<use ./images/126b.pdf>
Package pdftex.def Info: ./images/126b.pdf  used on input line 4987.
(pdftex.def)             Requested size: 162.6075pt x 158.14734pt.

LaTeX Warning: Hyper reference `fig:16' on page 114 undefined on input line 499
5.


LaTeX Warning: Hyper reference `fig:16' on page 114 undefined on input line 499
5.


LaTeX Warning: Reference `fig:16' on page 114 undefined on input line 4995.


LaTeX Warning: Hyper reference `fig:35' on page 114 undefined on input line 499
5.



[114 <./images/126a.pdf> <./images/126b.pdf>]

[115]

[116]

[117]

LaTeX Warning: Hyper reference `AnsEx:X' on page 118 undefined on input line 51
34.


LaTeX Warning: Reference `AnsEx:X' on page 118 undefined on input line 5134.



[118]

[119]

[120]

[121


]

[122]

[123]

[124]

[125]

[126]

[127]

[128]

LaTeX Warning: Hyper reference `partfracs' on page 129 undefined on input line 
5569.


LaTeX Warning: Reference `partfracs' on page 129 undefined on input line 5569.



[129]

LaTeX Warning: Hyper reference `AnsEx:XI' on page 130 undefined on input line 5
572.


LaTeX Warning: Reference `AnsEx:XI' on page 130 undefined on input line 5572.







































[130]













[131]

[132]

LaTeX Warning: Hyper reference `ExNo1' on page 133 undefined on input line 5690
.


LaTeX Warning: Reference `ExNo1' on page 133 undefined on input line 5690.


LaTeX Warning: Hyper reference `Ex:VI' on page 133 undefined on input line 5691
.


LaTeX Warning: Reference `Ex:VI' on page 133 undefined on input line 5691.



[133]

[134


]

[135]

[136]

LaTeX Warning: Hyper reference `fig:36' on page 137 undefined on input line 584
8.

<./images/150a.pdf, id=1379, 226.8475pt x 177.66376pt>
File: ./images/150a.pdf Graphic file (type pdf)
<use ./images/150a.pdf>
Package pdftex.def Info: ./images/150a.pdf  used on input line 5855.
(pdftex.def)             Requested size: 180.67499pt x 141.50226pt.

LaTeX Warning: Hyper reference `fig:37' on page 137 undefined on input line 586
2.



[137]
<./images/151a.pdf, id=1385, 253.94875pt x 201.75375pt>
File: ./images/151a.pdf Graphic file (type pdf)
<use ./images/151a.pdf>
Package pdftex.def Info: ./images/151a.pdf  used on input line 5876.
(pdftex.def)             Requested size: 198.7425pt x 157.89986pt.


[138 <./images/150a.pdf> <./images/151a.pdf>]

[139]

[140]

[141]

[142]

[143]

[144]

LaTeX Warning: Hyper reference `fig:38' on page 145 undefined on input line 610
3.


LaTeX Warning: Hyper reference `fig:39' on page 145 undefined on input line 610
3.

<./images/158b.pdf, id=1441, 157.58875pt x 178.6675pt>
File: ./images/158b.pdf Graphic file (type pdf)
<use ./images/158b.pdf>
Package pdftex.def Info: ./images/158b.pdf  used on input line 6133.
(pdftex.def)             Requested size: 162.6075pt x 184.36761pt.
<./images/158a.pdf, id=1442, 157.58875pt x 178.6675pt>
File: ./images/158a.pdf Graphic file (type pdf)
<use ./images/158a.pdf>
Package pdftex.def Info: ./images/158a.pdf  used on input line 6133.
(pdftex.def)             Requested size: 162.6075pt x 184.36761pt.


[145 <./images/158b.pdf> <./images/158a.pdf>]

LaTeX Font Warning: Command \footnotesize invalid in math mode on input line 61
73.


LaTeX Font Warning: Command \footnotesize invalid in math mode on input line 61
75.


LaTeX Warning: Hyper reference `unchanged' on page 146 undefined on input line 
6211.


LaTeX Warning: Reference `unchanged' on page 146 undefined on input line 6211.



[146]

[147]

LaTeX Warning: Hyper reference `section:3' on page 148 undefined on input line 
6261.


LaTeX Warning: Reference `section:3' on page 148 undefined on input line 6261.


LaTeX Warning: Hyper reference `section:3' on page 148 undefined on input line 
6261.


LaTeX Warning: Reference `section:3' on page 148 undefined on input line 6261.



[148]

[149]

[150]

[151]

[152]

LaTeX Warning: Hyper reference `AnsEx:XII' on page 153 undefined on input line 
6469.


LaTeX Warning: Reference `AnsEx:XII' on page 153 undefined on input line 6469.



[153]



















[154]

LaTeX Warning: Hyper reference `fig:40' on page 155 undefined on input line 654
5.

<./images/167a.pdf, id=1529, 213.79875pt x 159.59625pt>
File: ./images/167a.pdf Graphic file (type pdf)
<use ./images/167a.pdf>
Package pdftex.def Info: ./images/167a.pdf  used on input line 6549.
(pdftex.def)             Requested size: 162.6075pt x 121.38206pt.
<./images/167b.pdf, id=1530, 229.85875pt x 159.59625pt>
File: ./images/167b.pdf Graphic file (type pdf)
<use ./images/167b.pdf>
Package pdftex.def Info: ./images/167b.pdf  used on input line 6549.
(pdftex.def)             Requested size: 162.6075pt x 112.90742pt.

LaTeX Warning: Hyper reference `fig:41' on page 155 undefined on input line 655
4.



[155 <./images/167a.pdf> <./images/167b.pdf>]

LaTeX Warning: Hyper reference `fig:42' on page 156 undefined on input line 657
9.

<./images/168a.pdf, id=1557, 216.81pt x 159.59625pt>
File: ./images/168a.pdf Graphic file (type pdf)
<use ./images/168a.pdf>
Package pdftex.def Info: ./images/168a.pdf  used on input line 6586.
(pdftex.def)             Requested size: 180.67499pt x 133.00302pt.


[156]

[157 <./images/168a.pdf>]

LaTeX Warning: Hyper reference `fig:42' on page 158 undefined on input line 663
3.



[158]

LaTeX Warning: Hyper reference `littletable' on page 159 undefined on input lin
e 6680.


LaTeX Warning: Reference `littletable' on page 159 undefined on input line 6680
.



[159]

[160]

[161

]

LaTeX Warning: Hyper reference `AnsEx:XIII' on page 162 undefined on input line
 6827.


LaTeX Warning: Reference `AnsEx:XIII' on page 162 undefined on input line 6827.




[162]

[163]

[164]
<./images/177a.pdf, id=1623, 174.6525pt x 165.61874pt>
File: ./images/177a.pdf Graphic file (type pdf)
<use ./images/177a.pdf>
Package pdftex.def Info: ./images/177a.pdf  used on input line 6920.
(pdftex.def)             Requested size: 162.6075pt x 154.20578pt.


LaTeX Warning: Hyper reference `fig:43' on page 165 undefined on input line 692
6.



[165


 <./images/177a.pdf>]

LaTeX Warning: Hyper reference `fig:44' on page 166 undefined on input line 697
3.


LaTeX Warning: Hyper reference `fig:45' on page 166 undefined on input line 697
3.

<./images/179a.pdf, id=1640, 292.09125pt x 187.70125pt>
File: ./images/179a.pdf Graphic file (type pdf)
<use ./images/179a.pdf>
Package pdftex.def Info: ./images/179a.pdf  used on input line 6977.
(pdftex.def)             Requested size: 289.07999pt x 185.78185pt.
<./images/179b.pdf, id=1641, 288.07625pt x 187.70125pt>
File: ./images/179b.pdf Graphic file (type pdf)
<use ./images/179b.pdf>
Package pdftex.def Info: ./images/179b.pdf  used on input line 6978.
(pdftex.def)             Requested size: 289.07999pt x 188.36238pt.


[166]

[167 <./images/179a.pdf> <./images/179b.pdf>]

[168]

[169]

LaTeX Warning: Hyper reference `chap:IX' on page 170 undefined on input line 70
73.


LaTeX Warning: Reference `chap:IX' on page 170 undefined on input line 7073.



[170]

[171]

LaTeX Warning: Hyper reference `ExNo1' on page 172 undefined on input line 7206
.


LaTeX Warning: Reference `ExNo1' on page 172 undefined on input line 7206.


LaTeX Warning: Hyper reference `ExNo1' on page 172 undefined on input line 7206
.


LaTeX Warning: Reference `ExNo1' on page 172 undefined on input line 7206.



[172]

LaTeX Warning: Hyper reference `AnsEx:XIV' on page 173 undefined on input line 
7216.


LaTeX Warning: Reference `AnsEx:XIV' on page 173 undefined on input line 7216.



[173]

LaTeX Warning: Hyper reference `XIII:4' on page 174 undefined on input line 724
9.


LaTeX Warning: Reference `XIII:4' on page 174 undefined on input line 7249.



[174]

[175


]

[176]

[177]

LaTeX Warning: Hyper reference `Ex9No4' on page 178 undefined on input line 741
9.


LaTeX Warning: Reference `Ex9No4' on page 178 undefined on input line 7419.



[178]

[179]

LaTeX Warning: Hyper reference `AnsEx:XV' on page 180 undefined on input line 7
496.


LaTeX Warning: Reference `AnsEx:XV' on page 180 undefined on input line 7496.



[180]

[181]

[182]

[183


]
<./images/195a.pdf, id=1792, 272.01625pt x 62.2325pt>
File: ./images/195a.pdf Graphic file (type pdf)
<use ./images/195a.pdf>
Package pdftex.def Info: ./images/195a.pdf  used on input line 7611.
(pdftex.def)             Requested size: 252.94499pt x 57.87183pt.


[184 <./images/195a.pdf>]

LaTeX Warning: Hyper reference `Case2' on page 185 undefined on input line 7652
.


LaTeX Warning: Reference `Case2' on page 185 undefined on input line 7652.

<./images/197a.pdf, id=1807, 188.705pt x 195.73125pt>
File: ./images/197a.pdf Graphic file (type pdf)
<use ./images/197a.pdf>
Package pdftex.def Info: ./images/197a.pdf  used on input line 7657.
(pdftex.def)             Requested size: 180.67499pt x 187.40108pt.
<./images/197b.pdf, id=1808, 47.17625pt x 30.1125pt>
File: ./images/197b.pdf Graphic file (type pdf)
<use ./images/197b.pdf>
Package pdftex.def Info: ./images/197b.pdf  used on input line 7662.
(pdftex.def)             Requested size: 47.17612pt x 30.11241pt.


[185]
<./images/198a.pdf, id=1818, 287.0725pt x 16.06pt>
File: ./images/198a.pdf Graphic file (type pdf)
<use ./images/198a.pdf>
Package pdftex.def Info: ./images/198a.pdf  used on input line 7669.
(pdftex.def)             Requested size: 287.0718pt x 16.05995pt.
<./images/198b.pdf, id=1819, 275.0275pt x 286.06876pt>
File: ./images/198b.pdf Graphic file (type pdf)
<use ./images/198b.pdf>
Package pdftex.def Info: ./images/198b.pdf  used on input line 7678.
(pdftex.def)             Requested size: 234.87749pt x 244.31633pt.


LaTeX Warning: Hyper reference `fig:48' on page 186 undefined on input line 768
0.



[186 <./images/197a.pdf> <./images/197b.pdf> <./images/198a.pdf>]

[187 <./images/198b.pdf>]
<./images/200a1.pdf, id=1851, 36.135pt x 2.0075pt>
File: ./images/200a1.pdf Graphic file (type pdf)
<use ./images/200a1.pdf>
Package pdftex.def Info: ./images/200a1.pdf  used on input line 7728.
(pdftex.def)             Requested size: 36.13489pt x 2.00749pt.
<./images/200a2.pdf, id=1852, 38.1425pt x 9.03375pt>
File: ./images/200a2.pdf Graphic file (type pdf)
<use ./images/200a2.pdf>
Package pdftex.def Info: ./images/200a2.pdf  used on input line 7728.
(pdftex.def)             Requested size: 38.1424pt x 9.0337pt.
<./images/200a3.pdf, id=1853, 39.14626pt x 17.06375pt>
File: ./images/200a3.pdf Graphic file (type pdf)
<use ./images/200a3.pdf>
Package pdftex.def Info: ./images/200a3.pdf  used on input line 7728.
(pdftex.def)             Requested size: 39.14615pt x 17.06369pt.
<./images/200a4.pdf, id=1854, 39.14626pt x 24.09pt>
File: ./images/200a4.pdf Graphic file (type pdf)
<use ./images/200a4.pdf>
Package pdftex.def Info: ./images/200a4.pdf  used on input line 7728.
(pdftex.def)             Requested size: 39.14615pt x 24.08992pt.
<./images/200a5.pdf, id=1855, 39.14626pt x 31.11626pt>
File: ./images/200a5.pdf Graphic file (type pdf)
<use ./images/200a5.pdf>
Package pdftex.def Info: ./images/200a5.pdf  used on input line 7728.
(pdftex.def)             Requested size: 39.14615pt x 31.11617pt.
<./images/200a6.pdf, id=1856, 38.1425pt x 39.14626pt>
File: ./images/200a6.pdf Graphic file (type pdf)
<use ./images/200a6.pdf>
Package pdftex.def Info: ./images/200a6.pdf  used on input line 7728.
(pdftex.def)             Requested size: 38.1424pt x 39.14615pt.
File: ./images/200a1.pdf Graphic file (type pdf)
<use ./images/200a1.pdf>
Package pdftex.def Info: ./images/200a1.pdf  used on input line 7728.
(pdftex.def)             Requested size: 36.13489pt x 2.00749pt.
File: ./images/200a2.pdf Graphic file (type pdf)
<use ./images/200a2.pdf>
Package pdftex.def Info: ./images/200a2.pdf  used on input line 7728.
(pdftex.def)             Requested size: 38.1424pt x 9.0337pt.
File: ./images/200a3.pdf Graphic file (type pdf)
<use ./images/200a3.pdf>
Package pdftex.def Info: ./images/200a3.pdf  used on input line 7728.
(pdftex.def)             Requested size: 39.14615pt x 17.06369pt.
File: ./images/200a4.pdf Graphic file (type pdf)
<use ./images/200a4.pdf>
Package pdftex.def Info: ./images/200a4.pdf  used on input line 7728.
(pdftex.def)             Requested size: 39.14615pt x 24.08992pt.
File: ./images/200a5.pdf Graphic file (type pdf)
<use ./images/200a5.pdf>
Package pdftex.def Info: ./images/200a5.pdf  used on input line 7728.
(pdftex.def)             Requested size: 39.14615pt x 31.11617pt.
File: ./images/200a6.pdf Graphic file (type pdf)
<use ./images/200a6.pdf>
Package pdftex.def Info: ./images/200a6.pdf  used on input line 7728.
(pdftex.def)             Requested size: 38.1424pt x 39.14615pt.


LaTeX Warning: Hyper reference `fig:49' on page 188 undefined on input line 773
3.

<./images/200b.pdf, id=1857, 237.88875pt x 159.59625pt>
File: ./images/200b.pdf Graphic file (type pdf)
<use ./images/200b.pdf>
Package pdftex.def Info: ./images/200b.pdf  used on input line 7734.
(pdftex.def)             Requested size: 216.81pt x 145.4617pt.

LaTeX Warning: Hyper reference `fig:50' on page 188 undefined on input line 773
7.



[188 <./images/200a1.pdf> <./images/200a2.pdf> <./images/200a3.pdf> <./images/2
00a4.pdf> <./images/200a5.pdf> <./images/200a6.pdf>]
<./images/201a.pdf, id=1875, 231.86626pt x 162.6075pt>
File: ./images/201a.pdf Graphic file (type pdf)
<use ./images/201a.pdf>
Package pdftex.def Info: ./images/201a.pdf  used on input line 7743.
(pdftex.def)             Requested size: 216.81pt x 152.05212pt.


[189 <./images/200b.pdf> <./images/201a.pdf>]

LaTeX Warning: Hyper reference `fig:51' on page 190 undefined on input line 776
3.

<./images/202a.pdf, id=1900, 188.705pt x 195.73125pt>
File: ./images/202a.pdf Graphic file (type pdf)
<use ./images/202a.pdf>
Package pdftex.def Info: ./images/202a.pdf  used on input line 7767.
(pdftex.def)             Requested size: 162.6075pt x 168.66307pt.

LaTeX Warning: Hyper reference `AnsEx:XVI' on page 190 undefined on input line 
7770.


LaTeX Warning: Reference `AnsEx:XVI' on page 190 undefined on input line 7770.



[190 <./images/202a.pdf>]

[191]

[192


]

[193]

LaTeX Warning: Hyper reference `revdif' on page 194 undefined on input line 791
9.


LaTeX Warning: Reference `revdif' on page 194 undefined on input line 7919.



[194]

[195]

[196]

[197]

[198]

LaTeX Warning: Hyper reference `differlog' on page 199 undefined on input line 
8100.


LaTeX Warning: Reference `differlog' on page 199 undefined on input line 8100.



[199]

[200]

LaTeX Warning: Hyper reference `differlog' on page 201 undefined on input line 
8208.


LaTeX Warning: Reference `differlog' on page 201 undefined on input line 8208.


LaTeX Warning: Hyper reference `differ2' on page 201 undefined on input line 82
08.


LaTeX Warning: Reference `differ2' on page 201 undefined on input line 8208.


LaTeX Warning: Hyper reference `unchanged' on page 201 undefined on input line 
8208.


LaTeX Warning: Reference `unchanged' on page 201 undefined on input line 8208.


LaTeX Warning: Hyper reference `differcos' on page 201 undefined on input line 
8208.


LaTeX Warning: Reference `differcos' on page 201 undefined on input line 8208.


LaTeX Warning: Hyper reference `differsin' on page 201 undefined on input line 
8208.


LaTeX Warning: Reference `differsin' on page 201 undefined on input line 8208.


LaTeX Warning: Hyper reference `diffexp' on page 201 undefined on input line 82
08.


LaTeX Warning: Reference `diffexp' on page 201 undefined on input line 8208.


LaTeX Warning: Hyper reference `differlog' on page 201 undefined on input line 
8208.


LaTeX Warning: Reference `differlog' on page 201 undefined on input line 8208.


LaTeX Warning: Hyper reference `differ2' on page 201 undefined on input line 82
08.


LaTeX Warning: Reference `differ2' on page 201 undefined on input line 8208.


LaTeX Warning: Hyper reference `unchanged' on page 201 undefined on input line 
8208.


LaTeX Warning: Reference `unchanged' on page 201 undefined on input line 8208.


LaTeX Warning: Hyper reference `differcos' on page 201 undefined on input line 
8208.


LaTeX Warning: Reference `differcos' on page 201 undefined on input line 8208.


LaTeX Warning: Hyper reference `differsin' on page 201 undefined on input line 
8208.


LaTeX Warning: Reference `differsin' on page 201 undefined on input line 8208.


LaTeX Warning: Hyper reference `diffexp' on page 201 undefined on input line 82
08.


LaTeX Warning: Reference `diffexp' on page 201 undefined on input line 8208.



[201]

LaTeX Warning: Hyper reference `moreexamples' on page 202 undefined on input li
ne 8223.


LaTeX Warning: Reference `moreexamples' on page 202 undefined on input line 822
3.


LaTeX Warning: Hyper reference `moreexamples' on page 202 undefined on input li
ne 8223.


LaTeX Warning: Reference `moreexamples' on page 202 undefined on input line 822
3.



[202]

LaTeX Warning: Hyper reference `stdforms1' on page 203 undefined on input line 
8226.


LaTeX Warning: Reference `stdforms1' on page 203 undefined on input line 8226.



[203]

LaTeX Warning: Hyper reference `limits' on page 204 undefined on input line 828
3.


LaTeX Warning: Reference `limits' on page 204 undefined on input line 8283.



[204]

LaTeX Warning: Hyper reference `AnsEx:XVII' on page 205 undefined on input line
 8304.


LaTeX Warning: Reference `AnsEx:XVII' on page 205 undefined on input line 8304.




























[205]













[206]
<./images/218a.pdf, id=2029, 158.5925pt x 201.75375pt>
File: ./images/218a.pdf Graphic file (type pdf)
<use ./images/218a.pdf>
Package pdftex.def Info: ./images/218a.pdf  used on input line 8354.
(pdftex.def)             Requested size: 180.67499pt x 229.8662pt.


LaTeX Warning: Hyper reference `fig:52' on page 207 undefined on input line 835
6.



[207


 <./images/218a.pdf>]
<./images/219a.pdf, id=2048, 24.09pt x 116.435pt>
File: ./images/219a.pdf Graphic file (type pdf)
<use ./images/219a.pdf>
Package pdftex.def Info: ./images/219a.pdf  used on input line 8382.
(pdftex.def)             Requested size: 27.10124pt x 130.98904pt.


[208 <./images/219a.pdf>]

[209]

LaTeX Warning: Hyper reference `fig:52' on page 210 undefined on input line 845
3.


LaTeX Warning: Hyper reference `fig:52' on page 210 undefined on input line 845
3.


LaTeX Warning: Reference `fig:52' on page 210 undefined on input line 8453.


LaTeX Warning: Hyper reference `fig:52' on page 210 undefined on input line 847
2.


LaTeX Warning: Hyper reference `section:9' on page 210 undefined on input line 
8479.


LaTeX Warning: Reference `section:9' on page 210 undefined on input line 8479.



[210]

[211]

LaTeX Warning: Hyper reference `fig:53' on page 212 undefined on input line 853
4.

<./images/223a.pdf, id=2073, 151.56625pt x 106.3975pt>
File: ./images/223a.pdf Graphic file (type pdf)
<use ./images/223a.pdf>
Package pdftex.def Info: ./images/223a.pdf  used on input line 8539.
(pdftex.def)             Requested size: 162.6075pt x 114.1494pt.

LaTeX Warning: Hyper reference `diffrule' on page 212 undefined on input line 8
552.


LaTeX Warning: Reference `diffrule' on page 212 undefined on input line 8552.



[212 <./images/223a.pdf>]
<./images/224a.pdf, id=2088, 235.88126pt x 149.55875pt>
File: ./images/224a.pdf Graphic file (type pdf)
<use ./images/224a.pdf>
Package pdftex.def Info: ./images/224a.pdf  used on input line 8567.
(pdftex.def)             Requested size: 198.7425pt x 126.01416pt.


LaTeX Warning: Hyper reference `fig:54' on page 213 undefined on input line 858
8.



[213 <./images/224a.pdf>]
<./images/225a.pdf, id=2103, 213.79875pt x 187.70125pt>
File: ./images/225a.pdf Graphic file (type pdf)
<use ./images/225a.pdf>
Package pdftex.def Info: ./images/225a.pdf  used on input line 8604.
(pdftex.def)             Requested size: 198.7425pt x 174.48302pt.


[214 <./images/225a.pdf>]
<./images/226a.pdf, id=2117, 110.4125pt x 129.48375pt>
File: ./images/226a.pdf Graphic file (type pdf)
<use ./images/226a.pdf>
Package pdftex.def Info: ./images/226a.pdf  used on input line 8623.
(pdftex.def)             Requested size: 108.405pt x 127.1362pt.


LaTeX Warning: Hyper reference `fig:56' on page 215 undefined on input line 862
4.


LaTeX Warning: Hyper reference `section:5' on page 215 undefined on input line 
8637.


LaTeX Warning: Reference `section:5' on page 215 undefined on input line 8637.


LaTeX Warning: Hyper reference `fig:57' on page 215 undefined on input line 863
8.


LaTeX Warning: Hyper reference `differ3' on page 215 undefined on input line 86
47.


LaTeX Warning: Reference `differ3' on page 215 undefined on input line 8647.


LaTeX Warning: Hyper reference `differ3' on page 215 undefined on input line 86
47.


LaTeX Warning: Reference `differ3' on page 215 undefined on input line 8647.



[215 <./images/226a.pdf>]
<./images/227a.pdf, id=2132, 182.6825pt x 141.52875pt>
File: ./images/227a.pdf Graphic file (type pdf)
<use ./images/227a.pdf>
Package pdftex.def Info: ./images/227a.pdf  used on input line 8649.
(pdftex.def)             Requested size: 162.6075pt x 125.98178pt.
<./images/227b.pdf, id=2133, 179.67125pt x 158.5925pt>
File: ./images/227b.pdf Graphic file (type pdf)
<use ./images/227b.pdf>
Package pdftex.def Info: ./images/227b.pdf  used on input line 8649.
(pdftex.def)             Requested size: 162.6075pt x 143.54016pt.


LaTeX Warning: Hyper reference `fig:58' on page 216 undefined on input line 865
4.



[216 <./images/227a.pdf> <./images/227b.pdf>]
<./images/228a.pdf, id=2154, 168.63pt x 165.61874pt>
File: ./images/228a.pdf Graphic file (type pdf)
<use ./images/228a.pdf>
Package pdftex.def Info: ./images/228a.pdf  used on input line 8675.
(pdftex.def)             Requested size: 162.6075pt x 159.70735pt.


LaTeX Warning: Hyper reference `fig:59' on page 217 undefined on input line 867
8.



[217 <./images/228a.pdf>]

LaTeX Warning: Hyper reference `fig:60' on page 218 undefined on input line 871
5.

<./images/229a.pdf, id=2167, 242.9075pt x 102.3825pt>
File: ./images/229a.pdf Graphic file (type pdf)
<use ./images/229a.pdf>
Package pdftex.def Info: ./images/229a.pdf  used on input line 8716.
(pdftex.def)             Requested size: 216.81pt x 91.38258pt.


[218 <./images/229a.pdf>]

LaTeX Warning: Hyper reference `fig:61' on page 219 undefined on input line 877
8.

<./images/231a.pdf, id=2182, 186.6975pt x 134.5025pt>
File: ./images/231a.pdf Graphic file (type pdf)
<use ./images/231a.pdf>
Package pdftex.def Info: ./images/231a.pdf  used on input line 8779.
(pdftex.def)             Requested size: 180.67499pt x 130.16965pt.


[219]

[220 <./images/231a.pdf>]

LaTeX Warning: Hyper reference `fig:59' on page 221 undefined on input line 884
2.


LaTeX Warning: Hyper reference `fig:59' on page 221 undefined on input line 884
2.


LaTeX Warning: Reference `fig:59' on page 221 undefined on input line 8842.



[221]
<./images/233a.pdf, id=2214, 158.5925pt x 173.64874pt>
File: ./images/233a.pdf Graphic file (type pdf)
<use ./images/233a.pdf>
Package pdftex.def Info: ./images/233a.pdf  used on input line 8851.
(pdftex.def)             Requested size: 144.54pt x 158.27496pt.


LaTeX Warning: Hyper reference `fig:62' on page 222 undefined on input line 885
5.



[222 <./images/233a.pdf>]

LaTeX Warning: Hyper reference `fig:63' on page 223 undefined on input line 890
2.

<./images/235a.pdf, id=2227, 201.75375pt x 129.48375pt>
File: ./images/235a.pdf Graphic file (type pdf)
<use ./images/235a.pdf>
Package pdftex.def Info: ./images/235a.pdf  used on input line 8907.
(pdftex.def)             Requested size: 180.67499pt x 115.95735pt.


[223]

LaTeX Warning: Hyper reference `AnsEx:XVIII' on page 224 undefined on input lin
e 8939.


LaTeX Warning: Reference `AnsEx:XVIII' on page 224 undefined on input line 8939
.



[224 <./images/235a.pdf>]

LaTeX Warning: Hyper reference `fig:30' on page 225 undefined on input line 895
8.


LaTeX Warning: Hyper reference `fig:30' on page 225 undefined on input line 895
8.


LaTeX Warning: Reference `fig:30' on page 225 undefined on input line 8958.



[225]

[226]

[227


]

[228]

LaTeX Warning: Hyper reference `chap:IX' on page 229 undefined on input line 91
19.


LaTeX Warning: Reference `chap:IX' on page 229 undefined on input line 9119.


LaTeX Warning: Hyper reference `chap:IX' on page 229 undefined on input line 91
19.


LaTeX Warning: Reference `chap:IX' on page 229 undefined on input line 9119.



[229]

LaTeX Warning: Hyper reference `intex3' on page 230 undefined on input line 914
0.


LaTeX Warning: Reference `intex3' on page 230 undefined on input line 9140.


LaTeX Warning: Hyper reference `chap:IX' on page 230 undefined on input line 91
50.


LaTeX Warning: Reference `chap:IX' on page 230 undefined on input line 9150.


Overfull \hbox (36.70195pt too wide) detected at line 9172
[]
 []



[230]

LaTeX Warning: Hyper reference `partfracs2' on page 231 undefined on input line
 9203.


LaTeX Warning: Reference `partfracs2' on page 231 undefined on input line 9203.



LaTeX Warning: Hyper reference `partfracs3' on page 231 undefined on input line
 9206.


LaTeX Warning: Reference `partfracs3' on page 231 undefined on input line 9206.




[231]

LaTeX Warning: Hyper reference `chap:XVIII' on page 232 undefined on input line
 9225.


LaTeX Warning: Reference `chap:XVIII' on page 232 undefined on input line 9225.




[232]

[233]

LaTeX Warning: Hyper reference `AnsEx:XIX' on page 234 undefined on input line 
9292.


LaTeX Warning: Reference `AnsEx:XIX' on page 234 undefined on input line 9292.













































[234]

LaTeX Warning: Hyper reference `section:5' on page 235 undefined on input line 
9364.


LaTeX Warning: Reference `section:5' on page 235 undefined on input line 9364.



[235


]

LaTeX Warning: Hyper reference `expolo' on page 236 undefined on input line 938
0.


LaTeX Warning: Reference `expolo' on page 236 undefined on input line 9380.



[236]

LaTeX Warning: Hyper reference `fig:48' on page 237 undefined on input line 941
4.


LaTeX Warning: Hyper reference `constant' on page 237 undefined on input line 9
414.


LaTeX Warning: Reference `constant' on page 237 undefined on input line 9414.


LaTeX Warning: Hyper reference `fig:51' on page 237 undefined on input line 941
4.


LaTeX Warning: Hyper reference `fig:51' on page 237 undefined on input line 941
4.


LaTeX Warning: Reference `fig:51' on page 237 undefined on input line 9414.



[237]

LaTeX Warning: Hyper reference `differlog' on page 238 undefined on input line 
9448.


LaTeX Warning: Reference `differlog' on page 238 undefined on input line 9448.



[238]

[239]

LaTeX Warning: Hyper reference `intparts' on page 240 undefined on input line 9
527.


LaTeX Warning: Reference `intparts' on page 240 undefined on input line 9527.



[240]

[241]

[242]

LaTeX Warning: Hyper reference `partialdiff' on page 243 undefined on input lin
e 9646.


LaTeX Warning: Reference `partialdiff' on page 243 undefined on input line 9646
.



[243]

[244]

LaTeX Warning: Hyper reference `intex3' on page 245 undefined on input line 973
8.


LaTeX Warning: Reference `intex3' on page 245 undefined on input line 9738.


LaTeX Warning: Hyper reference `unchanged' on page 245 undefined on input line 
9762.


LaTeX Warning: Reference `unchanged' on page 245 undefined on input line 9762.



[245]

[246]

[247]

LaTeX Warning: Hyper reference `Example4' on page 248 undefined on input line 9
844.


LaTeX Warning: Reference `Example4' on page 248 undefined on input line 9844.



[248]

LaTeX Warning: Hyper reference `stdforms1' on page 249 undefined on input line 
9896.


LaTeX Warning: Reference `stdforms1' on page 249 undefined on input line 9896.



[249]

[250



]

[251]

[252


]

[253]

[254]













































[255


]
























Overfull \hbox (2.47119pt too wide) in paragraph at lines 10177--10179
[]$\OML/cmm/m/it/12 R[]\OT1/cmr/m/n/12 (\OML/cmm/m/it/12 a \OT1/cmr/m/n/12 + 2\
OML/cmm/m/it/12 bt\OT1/cmr/m/n/12 )$, $\OML/cmm/m/it/12 R[] []$\OT1/cmr/m/n/12 
, $\OMS/cmsy/m/n/12 ^^@[]$ \OT1/cmr/m/n/12 or $[]$. 
 []



[256]







[257]






LaTeX Warning: Hyper reference `Ex:VI' on page 258 undefined on input line 1027
0.


LaTeX Warning: Reference `Ex:VI' on page 258 undefined on input line 10270.

















[258]












LaTeX Warning: Hyper reference `Ex:VII' on page 259 undefined on input line 102
90.


LaTeX Warning: Reference `Ex:VII' on page 259 undefined on input line 10290.


LaTeX Warning: Hyper reference `Ex:VIII' on page 259 undefined on input line 10
300.


LaTeX Warning: Reference `Ex:VIII' on page 259 undefined on input line 10300.



[259]

LaTeX Warning: Hyper reference `Ex:IX' on page 260 undefined on input line 1032
2.


LaTeX Warning: Reference `Ex:IX' on page 260 undefined on input line 10322.














LaTeX Warning: Hyper reference `Ex:X' on page 260 undefined on input line 10350
.


LaTeX Warning: Reference `Ex:X' on page 260 undefined on input line 10350.



[260]












LaTeX Warning: Hyper reference `Example10' on page 261 undefined on input line 
10382.


LaTeX Warning: Reference `Example10' on page 261 undefined on input line 10382.




[261]

LaTeX Warning: Hyper reference `Ex:XI' on page 262 undefined on input line 1038
8.


LaTeX Warning: Reference `Ex:XI' on page 262 undefined on input line 10388.




























LaTeX Warning: Hyper reference `Ex:XII' on page 262 undefined on input line 104
34.


LaTeX Warning: Reference `Ex:XII' on page 262 undefined on input line 10434.



[262]


































LaTeX Warning: Hyper reference `Ex:XIII' on page 263 undefined on input line 10
471.


LaTeX Warning: Reference `Ex:XIII' on page 263 undefined on input line 10471.


LaTeX Warning: Hyper reference `littletable' on page 263 undefined on input lin
e 10473.


LaTeX Warning: Reference `littletable' on page 263 undefined on input line 1047
3.


LaTeX Warning: Hyper reference `littletable' on page 263 undefined on input lin
e 10477.


LaTeX Warning: Reference `littletable' on page 263 undefined on input line 1047
7.



[263]












LaTeX Warning: Hyper reference `Ex:XIV' on page 264 undefined on input line 105
06.


LaTeX Warning: Reference `Ex:XIV' on page 264 undefined on input line 10506.















[264]

LaTeX Warning: Hyper reference `Ex:XV' on page 265 undefined on input line 1056
5.


LaTeX Warning: Reference `Ex:XV' on page 265 undefined on input line 10565.



[265]

[266]

LaTeX Warning: Hyper reference `Ex:XVI' on page 267 undefined on input line 105
98.


LaTeX Warning: Reference `Ex:XVI' on page 267 undefined on input line 10598.










LaTeX Warning: Hyper reference `Ex:XVII' on page 267 undefined on input line 10
615.


LaTeX Warning: Reference `Ex:XVII' on page 267 undefined on input line 10615.






















LaTeX Warning: Reference `intex1' on page 267 undefined on input line 10636.


LaTeX Warning: Reference `intex2' on page 267 undefined on input line 10636.





















[267]












LaTeX Warning: Hyper reference `Ex:XVIII' on page 268 undefined on input line 1
0665.


LaTeX Warning: Reference `Ex:XVIII' on page 268 undefined on input line 10665.















[268]

LaTeX Warning: Hyper reference `cosax' on page 269 undefined on input line 1071
4.


LaTeX Warning: Reference `cosax' on page 269 undefined on input line 10714.


LaTeX Warning: Hyper reference `Ex:XIX' on page 269 undefined on input line 107
32.


LaTeX Warning: Reference `Ex:XIX' on page 269 undefined on input line 10732.









[269]

























[270]
Underfull \hbox (badness 1975) in paragraph at lines 10831--10832
\OT1/cmr/m/n/17.28 Differential and In-te-gral Cal-cu-lus for Tech-ni-cal
 []



[271


]

[272]

[273]

LaTeX Warning: Hyper reference `erratum0' on page 274 undefined on input line 1
0890.


LaTeX Warning: Reference `erratum0' on page 274 undefined on input line 10890.


LaTeX Warning: Hyper reference `erratum0a' on page 274 undefined on input line 
10890.


LaTeX Warning: Reference `erratum0a' on page 274 undefined on input line 10890.



LaTeX Warning: Hyper reference `erratum1' on page 274 undefined on input line 1
0890.


LaTeX Warning: Reference `erratum1' on page 274 undefined on input line 10890.


LaTeX Warning: Hyper reference `erratum2' on page 274 undefined on input line 1
0890.


LaTeX Warning: Reference `erratum2' on page 274 undefined on input line 10890.



[274


]

[275


]

[276]

[277]

[278]

[279]

[280]

[281]

[282]

[283]

[284] (33283-t.aux)
 ***********
LaTeX2e <2025-06-01> patch level 1
L3 programming layer <2025-08-13>
 ***********


 *File List*
    book.cls    2025/01/22 v1.4n Standard LaTeX document class
    bk12.clo    2025/01/22 v1.4n Standard LaTeX file (size option)
inputenc.sty    2024/02/08 v1.3d Input encoding file
  ifthen.sty    2024/03/16 v1.1e Standard LaTeX ifthen package (DPC)
 amsmath.sty    2025/06/16 v2.17y AMS math features
 amstext.sty    2024/11/17 v2.01 AMS text
  amsgen.sty    1999/11/30 v2.0 generic functions
  amsbsy.sty    1999/11/29 v1.2d Bold Symbols
  amsopn.sty    2022/04/08 v2.04 operator names
 amssymb.sty    2013/01/14 v3.01 AMS font symbols
amsfonts.sty    2013/01/14 v3.01 Basic AMSFonts support
   alltt.sty    2024/07/07 v2.0g defines alltt environment
   array.sty    2025/06/08 v2.6j Tabular extension package (FMi)
 dcolumn.sty    2023/07/08 v1.06 decimal alignment package (DPC)
footmisc.sty    2025/05/09 v7.0b a miscellany of footnote facilities
 perpage.sty    2014/10/25 2.0 Reset/sort counters per page
multicol.sty    2025/05/25 v2.0a multicolumn formatting (FMi)
graphicx.sty    2024/12/31 v1.2e Enhanced LaTeX Graphics (DPC,SPQR)
  keyval.sty    2022/05/29 v1.15 key=value parser (DPC)
graphics.sty    2024/08/06 v1.4g Standard LaTeX Graphics (DPC,SPQR)
    trig.sty    2023/12/02 v1.11 sin cos tan (DPC)
graphics.cfg    2016/06/04 v1.11 sample graphics configuration
  pdftex.def    2024/04/13 v1.2c Graphics/color driver for pdftex
 wrapfig.sty    2003/01/31  v 3.6
indentfirst.sty    2023/07/02 v1.03 Indent first paragraph (DPC)
    calc.sty    2025/03/01 v4.3b Infix arithmetic (KKT,FJ)
fancyhdr.sty    2025/02/07 v5.2 Extensive control of page headers and footers
geometry.sty    2020/01/02 v5.9 Page Geometry
  ifvtex.sty    2019/10/25 v1.7 ifvtex legacy package. Use iftex instead.
   iftex.sty    2024/12/12 v1.0g TeX engine tests
geometry.cfg
hyperref.sty    2025-07-12 v7.01o Hypertext links for LaTeX
kvsetkeys.sty    2022-10-05 v1.19 Key value parser (HO)
kvdefinekeys.sty    2019-12-19 v1.6 Define keys (HO)
pdfescape.sty    2019/12/09 v1.15 Implements pdfTeX's escape features (HO)
 ltxcmds.sty    2023-12-04 v1.26 LaTeX kernel commands for general use (HO)
pdftexcmds.sty    2020-06-27 v0.33 Utility functions of pdfTeX for LuaTeX (HO)
infwarerr.sty    2019/12/03 v1.5 Providing info/warning/error messages (HO)
 hycolor.sty    2020-01-27 v1.10 Color options for hyperref/bookmark (HO)
 nameref.sty    2025-06-21 v2.57 Cross-referencing by name of section
refcount.sty    2019/12/15 v3.6 Data extraction from label references (HO)
gettitlestring.sty    2019/12/15 v1.6 Cleanup title references (HO)
kvoptions.sty    2022-06-15 v3.15 Key value format for package options (HO)
etoolbox.sty    2025/02/11 v2.5l e-TeX tools for LaTeX (JAW)
stringenc.sty    2019/11/29 v1.12 Convert strings between diff. encodings (HO)
  pd1enc.def    2025-07-12 v7.01o Hyperref: PDFDocEncoding definition (HO)
 intcalc.sty    2019/12/15 v1.3 Expandable calculations with integers (HO)
   puenc.def    2025-07-12 v7.01o Hyperref: PDF Unicode definition (HO)
     url.sty    2013/09/16  ver 3.4  Verb mode for urls, etc.
  bitset.sty    2019/12/09 v1.3 Handle bit-vector datatype (HO)
bigintcalc.sty    2019/12/15 v1.5 Expandable calculations on big integers (HO)
 hpdftex.def    2025-07-12 v7.01o Hyperref driver for pdfTeX
rerunfilecheck.sty    2025-06-21 v1.11 Rerun checks for auxiliary files (HO)
uniquecounter.sty    2019/12/15 v1.4 Provide unlimited unique counter (HO)
l3backend-pdftex.def    2025-06-09 L3 backend support: PDF output (pdfTeX)
supp-pdf.mkii
epstopdf-base.sty    2020-01-24 v2.11 Base part for package epstopdf
epstopdf-sys.cfg    2021/03/18 v2.0 Configuration of epstopdf for MiKTeX
   color.sty    2025/01/14 v1.3e Standard LaTeX Color (DPC)
   color.cfg    2016/01/02 v1.6 sample color configuration
mathcolor.ltx
 33283-t.out
 33283-t.out
    umsa.fd    2013/01/14 v3.01 AMS symbols A
    umsb.fd    2013/01/14 v3.01 AMS symbols B
./images/pubmark.pdf
./images/018a.pdf
./images/019a.pdf
./images/019b.pdf
./images/022a.pdf
./images/023a.pdf
./images/040a.pdf
./images/040b.pdf
./images/088a.pdf
./images/090a.pdf
./images/091a.pdf
./images/091b.pdf
./images/091c.pdf
./images/092a.pdf
./images/092b.pdf
./images/093a.pdf
./images/093b.pdf
./images/094a.pdf
./images/094b.pdf
./images/095a.pdf
./images/096a.pdf
./images/096b.pdf
./images/097a.pdf
./images/097b.pdf
./images/099a.pdf
./images/099b.pdf
./images/099c.pdf
./images/105a.pdf
./images/106a.pdf
./images/113a.pdf
./images/114a.pdf
./images/120a.pdf
./images/124a.pdf
./images/124b.pdf
./images/125a.pdf
./images/126a.pdf
./images/126b.pdf
./images/150a.pdf
./images/151a.pdf
./images/158b.pdf
./images/158a.pdf
./images/167a.pdf
./images/167b.pdf
./images/168a.pdf
./images/177a.pdf
./images/179a.pdf
./images/179b.pdf
./images/195a.pdf
./images/197a.pdf
./images/197b.pdf
./images/198a.pdf
./images/198b.pdf
./images/200a1.pdf
./images/200a2.pdf
./images/200a3.pdf
./images/200a4.pdf
./images/200a5.pdf
./images/200a6.pdf
./images/200a1.pdf
./images/200a2.pdf
./images/200a3.pdf
./images/200a4.pdf
./images/200a5.pdf
./images/200a6.pdf
./images/200b.pdf
./images/201a.pdf
./images/202a.pdf
./images/218a.pdf
./images/219a.pdf
./images/223a.pdf
./images/224a.pdf
./images/225a.pdf
./images/226a.pdf
./images/227a.pdf
./images/227b.pdf
./images/228a.pdf
./images/229a.pdf
./images/231a.pdf
./images/233a.pdf
./images/235a.pdf
 ***********


LaTeX Warning: There were undefined references.


LaTeX Warning: Label(s) may have changed. Rerun to get cross-references right.


Package rerunfilecheck Warning: File `33283-t.out' has changed.
(rerunfilecheck)                Rerun to get outlines right
(rerunfilecheck)                or use package `bookmark'.

Package rerunfilecheck Info: Checksums for `33283-t.out':
(rerunfilecheck)             Before: 59C6CF54B4EE8519ECC355DEC980F218;2518
(rerunfilecheck)             After:  85F9FC56F739B72451D94A99A5881EDA;10633.
 ) 
Here is how much of TeX's memory you used:
 13682 strings out of 468133
 209426 string characters out of 5430228
 626713 words of memory out of 5000000
 41198 multiletter control sequences out of 15000+600000
 644870 words of font info for 105 fonts, out of 8000000 for 9000
 1141 hyphenation exceptions out of 8191
 74i,19n,79p,281b,657s stack positions out of 10000i,1000n,20000p,200000b,200000s
 <C:\Users\Jerson\AppData\Local\MiKTeX\fonts/pk/ljfour/jknappen/ec/dpi600\tcr
m0700.pk> <C:\Users\Jerson\AppData\Local\MiKTeX\fonts/pk/ljfour/jknappen/ec/dpi
600\tcrm0800.pk> <C:\Users\Jerson\AppData\Local\MiKTeX\fonts/pk/ljfour/jknappen
/ec/dpi600\tcrm1200.pk> <C:\Users\Jerson\AppData\Local\MiKTeX\fonts/pk/ljfour/j
knappen/ec/dpi600\tcrm1440.pk><C:/Users/Jerson/AppData/Local/Programs/MiKTeX/fo
nts/type1/public/amsfonts/cm/cmbx10.pfb><C:/Users/Jerson/AppData/Local/Programs
/MiKTeX/fonts/type1/public/amsfonts/cm/cmbx12.pfb><C:/Users/Jerson/AppData/Loca
l/Programs/MiKTeX/fonts/type1/public/amsfonts/cm/cmcsc10.pfb><C:/Users/Jerson/A
ppData/Local/Programs/MiKTeX/fonts/type1/public/amsfonts/cm/cmex10.pfb><C:/User
s/Jerson/AppData/Local/Programs/MiKTeX/fonts/type1/public/amsfonts/cm/cmmi10.pf
b><C:/Users/Jerson/AppData/Local/Programs/MiKTeX/fonts/type1/public/amsfonts/cm
/cmmi12.pfb><C:/Users/Jerson/AppData/Local/Programs/MiKTeX/fonts/type1/public/a
msfonts/cm/cmmi7.pfb><C:/Users/Jerson/AppData/Local/Programs/MiKTeX/fonts/type1
/public/amsfonts/cm/cmmi8.pfb><C:/Users/Jerson/AppData/Local/Programs/MiKTeX/fo
nts/type1/public/amsfonts/cm/cmmi9.pfb><C:/Users/Jerson/AppData/Local/Programs/
MiKTeX/fonts/type1/public/amsfonts/cm/cmr10.pfb><C:/Users/Jerson/AppData/Local/
Programs/MiKTeX/fonts/type1/public/amsfonts/cm/cmr12.pfb><C:/Users/Jerson/AppDa
ta/Local/Programs/MiKTeX/fonts/type1/public/amsfonts/cm/cmr17.pfb><C:/Users/Jer
son/AppData/Local/Programs/MiKTeX/fonts/type1/public/amsfonts/cm/cmr6.pfb><C:/U
sers/Jerson/AppData/Local/Programs/MiKTeX/fonts/type1/public/amsfonts/cm/cmr7.p
fb><C:/Users/Jerson/AppData/Local/Programs/MiKTeX/fonts/type1/public/amsfonts/c
m/cmr8.pfb><C:/Users/Jerson/AppData/Local/Programs/MiKTeX/fonts/type1/public/am
sfonts/cm/cmr9.pfb><C:/Users/Jerson/AppData/Local/Programs/MiKTeX/fonts/type1/p
ublic/amsfonts/cm/cmsy10.pfb><C:/Users/Jerson/AppData/Local/Programs/MiKTeX/fon
ts/type1/public/amsfonts/cm/cmsy7.pfb><C:/Users/Jerson/AppData/Local/Programs/M
iKTeX/fonts/type1/public/amsfonts/cm/cmsy8.pfb><C:/Users/Jerson/AppData/Local/P
rograms/MiKTeX/fonts/type1/public/amsfonts/cm/cmsy9.pfb><C:/Users/Jerson/AppDat
a/Local/Programs/MiKTeX/fonts/type1/public/amsfonts/cm/cmti10.pfb><C:/Users/Jer
son/AppData/Local/Programs/MiKTeX/fonts/type1/public/amsfonts/cm/cmti12.pfb><C:
/Users/Jerson/AppData/Local/Programs/MiKTeX/fonts/type1/public/amsfonts/cm/cmtt
9.pfb><C:/Users/Jerson/AppData/Local/Programs/MiKTeX/fonts/type1/public/amsfont
s/symbols/msam10.pfb>
Output written on 33283-t.pdf (294 pages, 1834382 bytes).
PDF statistics:
 2929 PDF objects out of 2984 (max. 8388607)
 930 named destinations out of 1000 (max. 500000)
 531 words of extra memory for PDF output out of 10000 (max. 10000000)

